********************************************************************************
PACKAGE-LOG: 2016-10-28 17:32:29
NOTICE: Do NOT post to public sites or forums 
********************************************************************************
VERSION:	1.1.18
WORDPRESS:	4.6.1
PHP INFO:	5.3.29 | SAPI: apache2handler
SERVER:		Apache/2.4.10 (Unix) PHP/5.3.29 mod_wsgi/3.4 Python/2.7.6 OpenSSL/1.0.1h 
PHP TIME LIMIT: (0) no time limit imposed 
PHP MAX MEMORY: 2048M (128M default) 
MEMORY STACK: 31.75MB 

********************************************************************************
DATABASE:
********************************************************************************
BUILD MODE:   PHP(query limit - 100)
MYSQLTIMEOUT: 5000
MYSQLDUMP:    Not Supported 
TABLES: total:13 | filtered:0 | create:13 
FILTERED: [] 
SQL CREATED: 20161024_woodfit_58138ba1d6a025230161028173217_database.sql 
SQL FILE SIZE: 1.63MB (1706462) 
SQL FILE TIME: 2016-10-28 17:32:29 
SQL RUNTIME: 0.24 sec. 

******************************************************************************** 
ARCHIVE (ZIP): 
******************************************************************************** 
ARCHIVE DIR:  /Applications/AMPPS/www/woodfit.dev 
ARCHIVE FILE: 20161024_woodfit_58138ba1d6a025230161028173217_archive.zip 
FILTERS: *OFF* 
DIRS:  not set 
EXTS:  not set 
---------------------------------------- 
COMPRESSING 
SIZE:	122.88MB 
STATS:	Dirs 537 | Files 5,244 
SQL ADDED: 20161024_woodfit_58138ba1d6a025230161028173217_database.sql 
ZipArchive Object
(
    [status] => 0
    [statusSys] => 0
    [numFiles] => 5781
    [filename] => /Applications/AMPPS/www/woodfit.dev/wp-snapshots/tmp/20161024_woodfit_58138ba1d6a025230161028173217_archive.zip
    [comment] => 
)
 
COMPRESSION RESULT: '1' 
COMPRESSED SIZE: 86.87MB 
ARCHIVE RUNTIME: 27.20 sec. 
MEMORY STACK: 33.75MB 

******************************************************************************** 
MAKE INSTALLER: 
******************************************************************************** 
Build Start 
Build Finished 
Preping for use 
Template parsed with new data 
Complete [/Applications/AMPPS/www/woodfit.dev/wp-snapshots/tmp/20161024_woodfit_58138ba1d6a025230161028173217_installer.php] 
Added to archive 

******************************************************************************** 
INTEGRITY CHECKS: 
******************************************************************************** 
SQL File: 1.63MB 
Installer File: 347.75KB 
Archive File: 86.87MB  

********************************************************************************
RECORD ID:[2]
TOTAL PROCESS RUNTIME: 31.08 sec.
PEAK PHP MEMORY USED: 35.5MB
DONE PROCESSING => 20161024_woodfit 2016-10-28 17:33:00
 
